<?xml version="1.0" encoding="UTF-8"?>
<!-- Generated by org.testng.reporters.JUnitReportReporter -->
<testsuite hostname="DESKTOP-BLUPVJO" failures="0" tests="1" name="com.amazon.in_Test.Add_to_Cart_Test" time="41.593" errors="0" timestamp="2023-12-17T18:58:57 IST" skipped="0">
  <testcase classname="com.amazon.in_Test.Add_to_Cart_Test" name="AddToCart" time="41.593"/>
  <system-out/>
</testsuite> <!-- com.amazon.in_Test.Add_to_Cart_Test -->
