<?xml version="1.0" encoding="UTF-8"?>
<!-- Generated by org.testng.reporters.JUnitReportReporter -->
<testsuite hostname="DESKTOP-BLUPVJO" failures="0" tests="1" name="com.amazon.in_Test.SignIn_Test" time="25.268" errors="0" timestamp="2023-12-17T18:58:57 IST" skipped="0">
  <testcase classname="com.amazon.in_Test.SignIn_Test" name="LoginClass" time="25.268"/>
  <system-out/>
</testsuite> <!-- com.amazon.in_Test.SignIn_Test -->
